<?xml version="1.0" encoding="UTF-8"?>
<!-- Generated by org.testng.reporters.JUnitXMLReporter -->
<testsuite ignored="5" hostname="Desktop-Wintest" failures="0" tests="1" name="Default test" time="25.934" errors="0" timestamp="2024-12-05T11:03:41 IST">
  <testcase classname="com.uem_automation.qa.testcases.DeviceManagerWindowsTest" name="TC_DMW_002_Validate_users_able_to_apply_execute_later_or_saved_task_on_the_group" time="12.012"/>
  <testcase classname="com.uem_automation.qa.testcases.DeviceManagerWindowsTest" name="TC_DMW_004_Validate_users_are_able_to_view_the_information_on_the_linux_os_profile_settings_defined_on_the_group" time="0.0">
    <ignored/>
  </testcase> <!-- TC_DMW_004_Validate_users_are_able_to_view_the_information_on_the_linux_os_profile_settings_defined_on_the_group -->
  <testcase classname="com.uem_automation.qa.testcases.DeviceManagerWindowsTest" name="TC_DMW_003_Validate_users_are_able_to_view_the_information_on_the_windows_os_profile_settings_defined_on_the_group" time="0.0">
    <ignored/>
  </testcase> <!-- TC_DMW_003_Validate_users_are_able_to_view_the_information_on_the_windows_os_profile_settings_defined_on_the_group -->
  <testcase classname="com.uem_automation.qa.testcases.DeviceManagerWindowsTest" name="TC_DMW_001_Validate_users_able_to_view_the_settings_applied_on_the_group" time="0.0">
    <ignored/>
  </testcase> <!-- TC_DMW_001_Validate_users_able_to_view_the_settings_applied_on_the_group -->
  <testcase classname="com.uem_automation.qa.testcases.DeviceManagerWindowsTest" name="TC_DMW_006_Validate_users_are_able_to_view_System_information_about_device_registerd" time="0.0">
    <ignored/>
  </testcase> <!-- TC_DMW_006_Validate_users_are_able_to_view_System_information_about_device_registerd -->
  <testcase classname="com.uem_automation.qa.testcases.DeviceManagerWindowsTest" name="TC_DMW_005_Validate_users_are_able_to_view_System_information_about_device_registered" time="0.0">
    <ignored/>
  </testcase> <!-- TC_DMW_005_Validate_users_are_able_to_view_System_information_about_device_registered -->
</testsuite> <!-- Default test -->
