<?xml version="1.0" encoding="UTF-8"?>
<testng-results ignored="5" total="6" passed="1" failed="0" skipped="0">
  <reporter-output>
  </reporter-output>
  <suite started-at="2024-12-05T11:03:15 IST" name="Default suite" finished-at="2024-12-05T11:03:41 IST" duration-ms="25934">
    <groups>
    </groups>
    <test started-at="2024-12-05T11:03:15 IST" name="Default test" finished-at="2024-12-05T11:03:41 IST" duration-ms="25934">
      <class name="com.uem_automation.qa.testcases.DeviceManagerWindowsTest">
        <test-method is-config="true" signature="setUp()[pri:0, instance:com.uem_automation.qa.testcases.DeviceManagerWindowsTest@71809907]" started-at="2024-12-05T11:03:15 IST" name="setUp" finished-at="2024-12-05T11:03:28 IST" duration-ms="12869" status="PASS">
          <reporter-output>
          </reporter-output>
        </test-method> <!-- setUp -->
        <test-method signature="TC_DMW_002_Validate_users_able_to_apply_execute_later_or_saved_task_on_the_group()[pri:2, instance:com.uem_automation.qa.testcases.DeviceManagerWindowsTest@71809907]" started-at="2024-12-05T11:03:28 IST" name="TC_DMW_002_Validate_users_able_to_apply_execute_later_or_saved_task_on_the_group" finished-at="2024-12-05T11:03:40 IST" duration-ms="12012" status="PASS">
          <reporter-output>
          </reporter-output>
        </test-method> <!-- TC_DMW_002_Validate_users_able_to_apply_execute_later_or_saved_task_on_the_group -->
        <test-method is-config="true" signature="tearDown()[pri:0, instance:com.uem_automation.qa.testcases.DeviceManagerWindowsTest@71809907]" started-at="2024-12-05T11:03:40 IST" name="tearDown" finished-at="2024-12-05T11:03:41 IST" duration-ms="1002" status="PASS">
          <reporter-output>
          </reporter-output>
        </test-method> <!-- tearDown -->
      </class> <!-- com.uem_automation.qa.testcases.DeviceManagerWindowsTest -->
    </test> <!-- Default test -->
  </suite> <!-- Default suite -->
</testng-results>
